<persistence xmlns="http://xmlns.jcp.org/xml/ns/persistence"
             xmlns:xsi="http://www.w3.org/2001/XMLSchema-instance"
             xsi:schemaLocation="http://xmlns.jcp.org/xml/ns/persistence
             http://xmlns.jcp.org/xml/ns/persistence/persistence_2_1.xsd"
             version="2.1">
    <persistence-unit name="hibernate-flight-pu" transaction-type="JTA">
        <description>Hibernate flight Test Persistence Unit</description>

        <provider>org.hibernate.jpa.HibernatePersistenceProvider</provider>
        <jta-data-source>jdbc/arquillian</jta-data-source>

        <properties>
            <property name="javax.persistence.jdbc.driver" value="org.apache.derby.jdbc.EmbeddedDriver"/>
            <property name="javax.persistence.jdbc.url" value="jdbc:derby:target/databases/derby;create=true"/>
            <property name="javax.persistence.jdbc.user" value="root"/>
        </properties>
    </persistence-unit>
</persistence>